Sample_AI Sample_AI2
false true
0
180000 180000
1 1
10 10
2 ASSASSIN 50 10 3
3 WARRIOR 50 10 4
4 MAGE 50 10 4
5 ASSASSIN 50 10 4
6 WARRIOR 50 10 3
7 MAGE 50 10 2
1
0 KING 100 20 4 8
1
1 KING 100 20 4 0
1
179999.72547499783 179999.83903899556
1 1
16 16
2 ASSASSIN 50 10 3
3 WARRIOR 50 10 4
4 MAGE 50 10 4
5 ASSASSIN 50 10 4
6 WARRIOR 50 10 3
7 MAGE 50 10 2
1
0 KING 100 20 3 8
1
1 KING 100 20 3 0
2
179999.5089829972 179999.69099699229
1 1
22 22
2 ASSASSIN 50 10 3
3 WARRIOR 50 10 4
4 MAGE 50 10 4
5 ASSASSIN 50 10 4
6 WARRIOR 50 10 3
7 MAGE 50 10 2
1
0 KING 100 20 3 8
1
1 KING 100 20 2 1
3
179999.23917999695 179999.50468699535
1 1
28 28
2 ASSASSIN 50 10 3
3 WARRIOR 50 10 4
4 MAGE 50 10 4
5 ASSASSIN 50 10 4
6 WARRIOR 50 10 3
7 MAGE 50 10 2
1
0 KING 100 20 3 8
1
1 KING 100 20 1 0
4
179998.95309199928 179999.31852799637
2 2
30 30
2 ASSASSIN 50 10 3
3 WARRIOR 50 10 4
4 MAGE 50 10 4
5 ASSASSIN 50 10 4
6 WARRIOR 50 10 3
7 MAGE 50 10 2
1
0 KING 100 20 3 8
1
1 KING 100 20 1 1
5
179998.67339000048 179999.18565299595
2 2
36 36
2 ASSASSIN 50 10 3
3 WARRIOR 50 10 4
4 MAGE 50 10 4
5 ASSASSIN 50 10 4
6 WARRIOR 50 10 3
7 MAGE 50 10 2
1
0 KING 100 20 3 8
1
1 KING 100 20 2 0
6
179998.42658899433 179999.00876099127
2 2
42 42
2 ASSASSIN 50 10 3
3 WARRIOR 50 10 4
4 MAGE 50 10 4
5 ASSASSIN 50 10 4
6 WARRIOR 50 10 3
7 MAGE 50 10 2
1
0 KING 100 20 2 7
1
1 KING 100 20 2 0
7
179998.22807599412 179998.84724998992
2 2
48 48
2 ASSASSIN 50 10 3
3 WARRIOR 50 10 4
4 MAGE 50 10 4
5 ASSASSIN 50 10 4
6 WARRIOR 50 10 3
7 MAGE 50 10 2
1
0 KING 100 20 1 8
1
1 KING 100 20 3 0
8
179997.90931299503 179998.69803698675
2 2
54 54
2 ASSASSIN 50 10 3
3 WARRIOR 50 10 4
4 MAGE 50 10 4
5 ASSASSIN 50 10 4
6 WARRIOR 50 10 3
7 MAGE 50 10 2
1
0 KING 100 20 0 8
1
1 KING 100 20 3 0
9
179997.66742299107 179998.5035269856
2 3
60 56
2 ASSASSIN 50 10 3
3 WARRIOR 50 10 4
4 MAGE 50 10 4
5 ASSASSIN 50 10 4
6 WARRIOR 50 10 3
7 MAGE 50 10 2
1
0 KING 100 20 1 8
1
1 KING 100 20 3 0
10
179997.37018399173 179998.2639379814
2 3
67 62
2 ASSASSIN 50 10 3
3 WARRIOR 50 10 4
4 MAGE 50 10 4
5 ASSASSIN 50 10 4
6 WARRIOR 50 10 3
7 MAGE 50 10 2
1
0 KING 100 20 0 8
1
1 KING 100 20 3 0
11
179997.11904799187 179998.05988898152
2 3
74 69
2 ASSASSIN 50 10 3
3 WARRIOR 50 10 4
4 MAGE 50 10 4
5 ASSASSIN 50 10 4
6 WARRIOR 50 10 3
7 MAGE 50 10 2
1
0 KING 100 20 0 8
1
1 KING 100 20 3 1
12
179996.87753198668 179997.92544697993
2 3
82 76
2 ASSASSIN 50 10 3
3 WARRIOR 50 10 4
4 MAGE 50 10 4
5 ASSASSIN 50 10 4
6 WARRIOR 50 10 3
7 MAGE 50 10 2
1
0 KING 100 20 0 8
1
1 KING 100 20 3 2
13
179996.73002598865 179997.79389297328
2 3
86 84
2 ASSASSIN 50 10 3
8 WARRIOR 57 13 3
4 MAGE 50 10 4
5 ASSASSIN 50 10 4
6 WARRIOR 50 10 3
7 MAGE 50 10 2
2
0 KING 100 20 0 8
3 WARRIOR 50 10 1 5
1
1 KING 100 20 3 3
14
179996.56947098993 179997.61838997802
2 3
95 93
2 ASSASSIN 50 10 3
8 WARRIOR 57 13 3
4 MAGE 50 10 4
5 ASSASSIN 50 10 4
6 WARRIOR 50 10 3
7 MAGE 50 10 2
2
0 KING 100 20 0 8
3 WARRIOR 50 10 1 6
1
1 KING 100 20 4 2
15
179996.37977399107 179997.27744397387
3 3
101 103
2 ASSASSIN 50 10 3
8 WARRIOR 57 13 3
4 MAGE 50 10 4
5 ASSASSIN 50 10 4
6 WARRIOR 50 10 3
7 MAGE 50 10 2
2
0 KING 100 20 0 7
3 WARRIOR 50 10 2 5
1
1 KING 100 20 4 1
16
179996.1853569912 179997.1090379695
3 3
112 114
2 ASSASSIN 50 10 3
8 WARRIOR 57 13 3
4 MAGE 50 10 4
5 ASSASSIN 50 10 4
6 WARRIOR 50 10 3
7 MAGE 50 10 2
2
0 KING 100 20 0 7
3 WARRIOR 50 10 3 5
1
1 KING 100 20 3 1
17
179995.97486099083 179996.80394897587
3 3
124 126
2 ASSASSIN 50 10 3
8 WARRIOR 57 13 3
4 MAGE 50 10 4
5 ASSASSIN 50 10 4
6 WARRIOR 50 10 3
7 MAGE 50 10 2
2
0 KING 100 20 0 6
3 WARRIOR 30 10 3 4
1
1 KING 100 20 4 2
18
179995.78481198841 179996.62446598086
4 3
133 139
2 ASSASSIN 50 10 3
8 WARRIOR 57 13 3
4 MAGE 50 10 4
5 ASSASSIN 50 10 4
6 WARRIOR 50 10 3
7 MAGE 50 10 2
2
0 KING 100 20 1 5
3 WARRIOR 10 10 2 3
1
1 KING 100 20 5 3
19
179995.57419998746 179996.4612549811
4 4
147 150
2 ASSASSIN 50 10 3
8 WARRIOR 57 13 3
4 MAGE 50 10 4
5 ASSASSIN 50 10 4
6 WARRIOR 50 10 3
7 MAGE 50 10 2
1
0 KING 100 20 0 4
1
1 KING 100 20 4 3
20
179995.39206098416 179996.23920697923
5 4
158 163
2 ASSASSIN 50 10 3
8 WARRIOR 57 13 3
4 MAGE 50 10 4
5 ASSASSIN 50 10 4
6 WARRIOR 50 10 3
9 MAGE 71 19 4
1
0 KING 100 20 0 4
2
1 KING 100 20 5 2
7 MAGE 50 10 3 5
21
179995.18248998356 179995.9914989813
5 4
174 180
2 ASSASSIN 50 10 3
8 WARRIOR 57 13 3
4 MAGE 50 10 4
5 ASSASSIN 50 10 4
6 WARRIOR 50 10 3
9 MAGE 71 19 4
1
0 KING 100 20 0 4
2
1 KING 100 20 4 2
7 MAGE 50 10 4 6
22
179994.5727589875 179995.7850309802
5 4
192 199
2 ASSASSIN 50 10 3
8 WARRIOR 57 13 3
4 MAGE 50 10 4
5 ASSASSIN 50 10 4
6 WARRIOR 50 10 3
9 MAGE 71 19 4
1
0 KING 80 20 0 4
2
1 KING 80 20 3 3
7 MAGE 50 10 5 6
23
179994.3694689864 179995.5735049807
5 4
212 219
2 ASSASSIN 50 10 3
8 WARRIOR 57 13 3
4 MAGE 50 10 4
5 ASSASSIN 50 10 4
6 WARRIOR 50 10 3
9 MAGE 71 19 4
1
0 KING 60 20 0 4
2
1 KING 50 20 2 3
7 MAGE 50 10 6 5
24
179994.1573749893 179995.30340397905
5 4
234 241
2 ASSASSIN 50 10 3
8 WARRIOR 57 13 3
4 MAGE 50 10 4
5 ASSASSIN 50 10 4
6 WARRIOR 50 10 3
9 MAGE 71 19 4
1
0 KING 40 20 1 5
2
1 KING 20 20 1 3
7 MAGE 50 10 7 4
25
179993.93162898923 179995.10148598347
5 4
258 266
2 ASSASSIN 50 10 3
8 WARRIOR 57 13 3
4 MAGE 50 10 4
5 ASSASSIN 50 10 4
6 WARRIOR 50 10 3
9 MAGE 71 19 4
1
0 KING 40 20 2 6
2
1 KING 20 20 2 2
7 MAGE 50 10 6 5
26
179993.68068399053 179994.91010997735
5 4
281 293
2 ASSASSIN 50 10 3
10 WARRIOR 78 22 3
4 MAGE 50 10 4
5 ASSASSIN 50 10 4
6 WARRIOR 50 10 3
9 MAGE 71 19 4
2
0 KING 40 20 3 7
8 WARRIOR 57 13 0 7
2
1 KING 10 20 2 3
7 MAGE 30 10 6 6
27
179993.33159998787 179994.63982997258
5 4
310 323
2 ASSASSIN 50 10 3
10 WARRIOR 78 22 3
4 MAGE 50 10 4
5 ASSASSIN 50 10 4
6 WARRIOR 50 10 3
9 MAGE 71 19 4
2
0 KING 40 20 2 8
8 WARRIOR 37 13 1 6
2
1 KING 10 20 3 3
7 MAGE 30 10 6 7
28
179993.14506198425 179994.50038497162
5 4
310 319
2 ASSASSIN 50 10 3
10 WARRIOR 78 22 3
4 MAGE 50 10 4
5 ASSASSIN 50 10 4
6 WARRIOR 50 10 3
11 MAGE 71 19 4
2
0 KING 40 20 1 7
8 WARRIOR 37 13 0 7
2
7 MAGE 30 10 5 7
9 MAGE 71 19 2 5
