Sample_AI Sample_AI2
false true
0
180000 180000
1 1
10 10
2 ASSASSIN 50 10 2
3 WARRIOR 50 10 4
4 MAGE 50 10 2
5 ASSASSIN 50 10 4
6 WARRIOR 50 10 3
7 MAGE 50 10 3
1
0 KING 100 20 4 8
1
1 KING 100 20 4 0
1
179999.7838490017 179999.73937100003
1 1
16 16
2 ASSASSIN 50 10 2
3 WARRIOR 50 10 4
4 MAGE 50 10 2
5 ASSASSIN 50 10 4
6 WARRIOR 50 10 3
7 MAGE 50 10 3
1
0 KING 100 20 5 7
1
1 KING 100 20 4 1
2
179999.66678000055 179999.587504004
2 2
18 18
2 ASSASSIN 50 10 2
3 WARRIOR 50 10 4
4 MAGE 50 10 2
5 ASSASSIN 50 10 4
6 WARRIOR 50 10 3
7 MAGE 50 10 3
1
0 KING 100 20 5 8
1
1 KING 100 20 5 1
3
179999.48583799414 179999.40514400078
2 2
24 24
2 ASSASSIN 50 10 2
3 WARRIOR 50 10 4
4 MAGE 50 10 2
5 ASSASSIN 50 10 4
6 WARRIOR 50 10 3
7 MAGE 50 10 3
1
0 KING 100 20 6 8
1
1 KING 100 20 5 2
4
179999.31374499283 179999.26431200583
2 2
30 30
2 ASSASSIN 50 10 2
3 WARRIOR 50 10 4
4 MAGE 50 10 2
5 ASSASSIN 50 10 4
6 WARRIOR 50 10 3
7 MAGE 50 10 3
1
0 KING 100 20 6 7
1
1 KING 100 20 4 3
5
179999.09808998927 179999.05529100215
3 2
32 36
2 ASSASSIN 50 10 2
3 WARRIOR 50 10 4
4 MAGE 50 10 2
5 ASSASSIN 50 10 4
6 WARRIOR 50 10 3
7 MAGE 50 10 3
1
0 KING 80 20 5 6
1
1 KING 80 20 4 4
6
179998.8739749897 179998.8838260033
4 2
34 42
2 ASSASSIN 50 10 2
3 WARRIOR 50 10 4
4 MAGE 50 10 2
5 ASSASSIN 50 10 4
6 WARRIOR 50 10 3
7 MAGE 50 10 3
1
0 KING 60 20 5 5
1
1 KING 60 20 3 5
7
179998.69213598868 179998.72224499995
4 2
40 48
2 ASSASSIN 50 10 2
3 WARRIOR 50 10 4
4 MAGE 50 10 2
5 ASSASSIN 50 10 4
6 WARRIOR 50 10 3
7 MAGE 50 10 3
1
0 KING 60 20 6 4
1
1 KING 60 20 2 6
8
179998.58584599133 179998.47738099925
5 2
42 50
2 ASSASSIN 50 10 2
3 WARRIOR 50 10 4
4 MAGE 50 10 2
8 ASSASSIN 57 13 4
6 WARRIOR 50 10 3
7 MAGE 50 10 3
1
0 KING 60 20 6 3
2
1 KING 60 20 3 7
5 ASSASSIN 50 10 3 4
9
179998.43073698867 179998.21465799323
5 2
46 52
9 ASSASSIN 78 22 4
3 WARRIOR 50 10 4
4 MAGE 50 10 2
10 ASSASSIN 57 13 4
6 WARRIOR 50 10 3
7 MAGE 50 10 3
2
0 KING 60 20 5 3
2 ASSASSIN 50 10 8 4
3
1 KING 60 20 4 7
5 ASSASSIN 30 10 3 3
8 ASSASSIN 57 13 2 3
10
179998.1865479931 179997.90971899347
5 3
52 54
9 ASSASSIN 78 22 4
3 WARRIOR 50 10 4
4 MAGE 50 10 2
10 ASSASSIN 57 13 4
6 WARRIOR 50 10 3
7 MAGE 50 10 3
2
0 KING 40 20 5 4
2 ASSASSIN 50 10 7 5
3
1 KING 40 20 3 6
5 ASSASSIN 10 10 2 2
8 ASSASSIN 57 13 2 3
11
179998.0316469955 179997.64006099576
5 4
59 56
9 ASSASSIN 78 22 4
3 WARRIOR 50 10 4
4 MAGE 50 10 2
10 ASSASSIN 57 13 4
6 WARRIOR 50 10 3
7 MAGE 50 10 3
2
0 KING 20 20 5 3
2 ASSASSIN 50 10 8 4
2
1 KING 20 20 2 5
8 ASSASSIN 37 13 3 4
12
179997.77589499718 179997.32504600252
5 5
63 58
9 ASSASSIN 78 22 4
3 WARRIOR 50 10 4
11 MAGE 78 22 2
10 ASSASSIN 57 13 4
6 WARRIOR 50 10 3
7 MAGE 50 10 3
3
0 KING 20 20 6 2
2 ASSASSIN 50 10 8 4
4 MAGE 50 10 3 6
2
1 KING 20 20 3 6
8 ASSASSIN 37 13 2 5
13
179997.59983400145 179997.04979100352
5 5
70 61
9 ASSASSIN 78 22 4
3 WARRIOR 50 10 4
11 MAGE 78 22 2
10 ASSASSIN 57 13 4
6 WARRIOR 50 10 3
12 MAGE 78 22 2
3
0 KING 20 20 6 3
2 ASSASSIN 50 10 8 5
4 MAGE 30 10 3 5
3
1 KING 20 20 3 7
8 ASSASSIN 37 13 1 4
7 MAGE 50 10 6 1
14
179997.33815299987 179996.82216200745
5 5
78 69
9 ASSASSIN 78 22 4
3 WARRIOR 50 10 4
11 MAGE 78 22 2
10 ASSASSIN 57 13 4
6 WARRIOR 50 10 3
12 MAGE 78 22 2
2
0 KING 20 20 7 3
2 ASSASSIN 50 10 8 6
3
1 KING 20 20 2 8
8 ASSASSIN 32 13 2 4
7 MAGE 30 10 6 0
15
179997.10544000118 179996.49595301162
5 6
86 72
9 ASSASSIN 78 22 4
3 WARRIOR 50 10 4
11 MAGE 78 22 2
10 ASSASSIN 57 13 4
6 WARRIOR 50 10 3
12 MAGE 78 22 2
2
0 KING 20 20 6 3
2 ASSASSIN 50 10 8 5
3
1 KING 20 20 1 8
8 ASSASSIN 27 13 1 4
7 MAGE 10 10 5 1
16
179996.9121489994 179996.30813401018
5 6
96 80
9 ASSASSIN 78 22 4
3 WARRIOR 50 10 4
11 MAGE 78 22 2
10 ASSASSIN 57 13 4
6 WARRIOR 50 10 3
12 MAGE 78 22 2
2
0 KING 20 20 7 3
2 ASSASSIN 50 10 8 4
2
1 KING 20 20 0 7
8 ASSASSIN 22 13 2 4
17
179996.76670900226 179996.11381601426
5 6
106 89
9 ASSASSIN 78 22 4
3 WARRIOR 50 10 4
11 MAGE 78 22 2
10 ASSASSIN 57 13 4
6 WARRIOR 50 10 3
12 MAGE 78 22 2
2
0 KING 20 20 8 2
2 ASSASSIN 50 10 8 4
2
1 KING 20 20 1 7
8 ASSASSIN 22 13 2 3
18
179996.55671000073 179995.9114540179
5 6
117 98
9 ASSASSIN 78 22 4
3 WARRIOR 50 10 4
11 MAGE 78 22 2
10 ASSASSIN 57 13 4
6 WARRIOR 50 10 3
12 MAGE 78 22 2
2
0 KING 20 20 8 2
2 ASSASSIN 50 10 8 4
2
1 KING 20 20 2 7
8 ASSASSIN 22 13 3 3
19
179995.97044999973 179995.67990301875
5 6
129 108
9 ASSASSIN 78 22 4
3 WARRIOR 50 10 4
11 MAGE 78 22 2
10 ASSASSIN 57 13 4
6 WARRIOR 50 10 3
12 MAGE 78 22 2
2
0 KING 20 20 7 2
2 ASSASSIN 50 10 7 4
2
1 KING 10 20 3 6
8 ASSASSIN 2 13 4 3
20
179995.66478400084 179995.4541350162
5 6
143 119
9 ASSASSIN 78 22 4
3 WARRIOR 50 10 4
11 MAGE 78 22 2
10 ASSASSIN 57 13 4
6 WARRIOR 50 10 3
12 MAGE 78 22 2
2
0 KING 20 20 6 3
2 ASSASSIN 50 10 8 4
1
1 KING 10 20 3 7
21
179995.31650300196 179995.27931201737
5 6
143 115
9 ASSASSIN 78 22 4
3 WARRIOR 50 10 4
11 MAGE 78 22 2
13 ASSASSIN 85 25 3
6 WARRIOR 50 10 3
12 MAGE 78 22 2
2
0 KING 20 20 7 2
2 ASSASSIN 50 10 7 5
1
10 ASSASSIN 57 13 5 2
