Sample_AI Sample_AI2
false true
0
180000 180000
1 1
10 10
2 ASSASSIN 50 10 3
3 WARRIOR 50 10 3
4 MAGE 50 10 2
5 ASSASSIN 50 10 4
6 WARRIOR 50 10 3
7 MAGE 50 10 4
1
0 KING 100 20 4 8
1
1 KING 100 20 4 0
1
179999.8295559999 179999.77848600247
1 1
13 16
8 ASSASSIN 50 10 3
3 WARRIOR 50 10 3
4 MAGE 50 10 2
5 ASSASSIN 50 10 4
6 WARRIOR 50 10 3
7 MAGE 50 10 4
2
0 KING 100 20 3 8
2 ASSASSIN 50 10 7 7
1
1 KING 100 20 3 1
2
179999.66542799666 179999.60935600393
1 2
16 18
8 ASSASSIN 50 10 3
9 WARRIOR 50 10 3
4 MAGE 50 10 2
5 ASSASSIN 50 10 4
6 WARRIOR 50 10 3
7 MAGE 50 10 4
3
0 KING 100 20 2 7
2 ASSASSIN 50 10 6 7
3 WARRIOR 50 10 4 6
1
1 KING 100 20 2 2
3
179999.4369279957 179999.424352005
1 2
22 24
8 ASSASSIN 50 10 3
9 WARRIOR 50 10 3
4 MAGE 50 10 2
5 ASSASSIN 50 10 4
6 WARRIOR 50 10 3
7 MAGE 50 10 4
3
0 KING 100 20 1 7
2 ASSASSIN 50 10 5 7
3 WARRIOR 30 10 5 5
1
1 KING 100 20 3 3
4
179998.42364399228 179999.2211990102
1 2
28 30
8 ASSASSIN 50 10 3
9 WARRIOR 50 10 3
4 MAGE 50 10 2
5 ASSASSIN 50 10 4
6 WARRIOR 50 10 3
7 MAGE 50 10 4
3
0 KING 100 20 0 8
2 ASSASSIN 50 10 6 6
3 WARRIOR 10 10 6 5
1
1 KING 100 20 3 2
5
179998.2788759953 179999.04092600627
1 2
34 33
8 ASSASSIN 50 10 3
9 WARRIOR 50 10 3
4 MAGE 50 10 2
10 ASSASSIN 57 13 2
6 WARRIOR 50 10 3
7 MAGE 50 10 4
2
0 KING 100 20 0 8
2 ASSASSIN 50 10 6 7
2
1 KING 100 20 4 1
5 ASSASSIN 50 10 3 4
6
179998.1204509968 179998.85567100864
1 2
40 39
8 ASSASSIN 50 10 3
9 WARRIOR 50 10 3
4 MAGE 50 10 2
10 ASSASSIN 57 13 2
6 WARRIOR 50 10 3
7 MAGE 50 10 4
2
0 KING 100 20 0 8
2 ASSASSIN 50 10 6 6
2
1 KING 100 20 4 2
5 ASSASSIN 50 10 2 4
7
179997.8997799917 179998.66721800936
1 2
46 45
8 ASSASSIN 50 10 3
9 WARRIOR 50 10 3
4 MAGE 50 10 2
10 ASSASSIN 57 13 2
6 WARRIOR 50 10 3
7 MAGE 50 10 4
2
0 KING 100 20 0 8
2 ASSASSIN 50 10 7 5
2
1 KING 100 20 4 1
5 ASSASSIN 30 10 1 5
8
179997.64114399295 179998.42799900944
1 2
52 51
8 ASSASSIN 50 10 3
9 WARRIOR 50 10 3
4 MAGE 50 10 2
10 ASSASSIN 57 13 2
6 WARRIOR 50 10 3
7 MAGE 50 10 4
2
0 KING 100 20 0 8
2 ASSASSIN 50 10 8 6
2
1 KING 100 20 4 2
5 ASSASSIN 10 10 2 6
9
179997.49017299473 179998.21283401252
1 2
59 57
8 ASSASSIN 50 10 3
9 WARRIOR 50 10 3
4 MAGE 50 10 2
10 ASSASSIN 57 13 2
6 WARRIOR 50 10 3
7 MAGE 50 10 4
2
0 KING 100 20 0 8
2 ASSASSIN 50 10 7 7
1
1 KING 100 20 3 2
10
179997.34195199562 179998.0524330167
1 2
65 63
8 ASSASSIN 50 10 3
9 WARRIOR 50 10 3
4 MAGE 50 10 2
10 ASSASSIN 57 13 2
6 WARRIOR 50 10 3
7 MAGE 50 10 4
2
0 KING 100 20 0 8
2 ASSASSIN 50 10 6 7
1
1 KING 100 20 4 2
11
179997.1510069954 179997.899239017
1 2
72 70
8 ASSASSIN 50 10 3
9 WARRIOR 50 10 3
4 MAGE 50 10 2
10 ASSASSIN 57 13 2
6 WARRIOR 50 10 3
7 MAGE 50 10 4
2
0 KING 100 20 0 8
2 ASSASSIN 50 10 7 6
1
1 KING 100 20 4 1
12
179997.0072149954 179997.74332501693
2 2
75 78
8 ASSASSIN 50 10 3
9 WARRIOR 50 10 3
4 MAGE 50 10 2
10 ASSASSIN 57 13 2
6 WARRIOR 50 10 3
7 MAGE 50 10 4
2
0 KING 100 20 0 8
2 ASSASSIN 50 10 8 6
1
1 KING 100 20 3 0
13
179996.72349099274 179997.57392501488
3 2
79 86
8 ASSASSIN 50 10 3
9 WARRIOR 50 10 3
4 MAGE 50 10 2
10 ASSASSIN 57 13 2
6 WARRIOR 50 10 3
7 MAGE 50 10 4
2
0 KING 100 20 1 7
2 ASSASSIN 50 10 8 6
1
1 KING 100 20 3 0
14
179996.5795659955 179997.28737101395
3 3
84 91
11 ASSASSIN 64 16 2
9 WARRIOR 50 10 3
4 MAGE 50 10 2
10 ASSASSIN 57 13 2
6 WARRIOR 50 10 3
7 MAGE 50 10 4
3
0 KING 100 20 0 7
2 ASSASSIN 50 10 8 6
8 ASSASSIN 50 10 0 5
1
1 KING 100 20 2 0
15
179996.32092400134 179997.1495300124
3 3
93 101
11 ASSASSIN 64 16 2
9 WARRIOR 50 10 3
4 MAGE 50 10 2
10 ASSASSIN 57 13 2
6 WARRIOR 50 10 3
7 MAGE 50 10 4
3
0 KING 100 20 1 7
2 ASSASSIN 50 10 8 6
8 ASSASSIN 50 10 0 6
1
1 KING 100 20 3 0
16
179996.0703090037 179996.99829900783
3 3
103 112
11 ASSASSIN 64 16 2
9 WARRIOR 50 10 3
4 MAGE 50 10 2
10 ASSASSIN 57 13 2
6 WARRIOR 50 10 3
7 MAGE 50 10 4
3
0 KING 100 20 2 8
2 ASSASSIN 50 10 8 6
8 ASSASSIN 50 10 1 7
1
1 KING 100 20 3 0
17
179995.8759660003 179996.87374201312
3 4
114 119
11 ASSASSIN 64 16 2
9 WARRIOR 50 10 3
4 MAGE 50 10 2
10 ASSASSIN 57 13 2
6 WARRIOR 50 10 3
7 MAGE 50 10 4
3
0 KING 100 20 1 8
2 ASSASSIN 50 10 7 7
8 ASSASSIN 50 10 2 8
1
1 KING 100 20 3 0
18
179995.7249900035 179996.71680001484
4 4
122 131
11 ASSASSIN 64 16 2
9 WARRIOR 50 10 3
4 MAGE 50 10 2
10 ASSASSIN 57 13 2
6 WARRIOR 50 10 3
7 MAGE 50 10 4
3
0 KING 100 20 0 7
2 ASSASSIN 50 10 7 8
8 ASSASSIN 50 10 3 8
1
1 KING 100 20 4 1
19
179994.01030500303 179996.36817901046
4 4
135 145
11 ASSASSIN 64 16 2
9 WARRIOR 50 10 3
4 MAGE 50 10 2
10 ASSASSIN 57 13 2
6 WARRIOR 50 10 3
7 MAGE 50 10 4
3
0 KING 100 20 0 7
2 ASSASSIN 50 10 7 8
8 ASSASSIN 40 10 2 7
1
1 KING 100 20 5 1
20
179993.7422090079 179995.91988800967
4 4
149 160
11 ASSASSIN 64 16 2
9 WARRIOR 50 10 3
4 MAGE 50 10 2
10 ASSASSIN 57 13 2
6 WARRIOR 50 10 3
7 MAGE 50 10 4
3
0 KING 100 20 0 7
2 ASSASSIN 50 10 7 8
8 ASSASSIN 40 10 3 8
1
1 KING 100 20 6 1
21
179993.48098500195 179995.629173005
4 5
164 172
11 ASSASSIN 64 16 2
9 WARRIOR 50 10 3
4 MAGE 50 10 2
10 ASSASSIN 57 13 2
6 WARRIOR 50 10 3
7 MAGE 50 10 4
3
0 KING 100 20 0 7
2 ASSASSIN 50 10 8 7
8 ASSASSIN 40 10 3 8
1
1 KING 100 20 6 0
22
179993.14674700145 179995.39452500903
4 5
181 190
11 ASSASSIN 64 16 2
9 WARRIOR 50 10 3
4 MAGE 50 10 2
10 ASSASSIN 57 13 2
6 WARRIOR 50 10 3
7 MAGE 50 10 4
3
0 KING 100 20 0 7
2 ASSASSIN 50 10 7 8
8 ASSASSIN 40 10 4 8
1
1 KING 100 20 6 0
23
179992.90579700028 179995.11851301213
4 5
197 210
12 ASSASSIN 71 19 2
9 WARRIOR 50 10 3
4 MAGE 50 10 2
10 ASSASSIN 57 13 2
6 WARRIOR 50 10 3
7 MAGE 50 10 4
4
0 KING 100 20 0 7
2 ASSASSIN 50 10 7 8
8 ASSASSIN 30 10 3 7
11 ASSASSIN 64 16 2 8
1
1 KING 100 20 5 0
24
179992.52455099486 179994.54304301617
4 5
217 232
12 ASSASSIN 71 19 2
9 WARRIOR 50 10 3
4 MAGE 50 10 2
10 ASSASSIN 57 13 2
6 WARRIOR 50 10 3
7 MAGE 50 10 4
4
0 KING 100 20 0 7
2 ASSASSIN 50 10 8 7
8 ASSASSIN 20 10 2 7
11 ASSASSIN 64 16 2 8
1
1 KING 100 20 5 0
25
179992.05598499248 179994.1112340166
4 5
239 256
12 ASSASSIN 71 19 2
9 WARRIOR 50 10 3
4 MAGE 50 10 2
10 ASSASSIN 57 13 2
6 WARRIOR 50 10 3
7 MAGE 50 10 4
2
0 KING 100 20 0 7
2 ASSASSIN 76 20 7 7
1
1 KING 100 20 5 0
26
179991.73943098867 179993.74597601854
4 6
263 278
12 ASSASSIN 71 19 2
9 WARRIOR 50 10 3
4 MAGE 50 10 2
10 ASSASSIN 57 13 2
6 WARRIOR 50 10 3
7 MAGE 50 10 4
2
0 KING 100 20 0 7
2 ASSASSIN 76 20 6 7
1
1 KING 100 20 6 1
27
179991.38551798387 179993.3622800163
4 7
290 302
12 ASSASSIN 71 19 2
9 WARRIOR 50 10 3
4 MAGE 50 10 2
10 ASSASSIN 57 13 2
6 WARRIOR 50 10 3
7 MAGE 50 10 4
2
0 KING 100 20 0 7
2 ASSASSIN 76 20 7 8
1
1 KING 100 20 5 0
28
179990.97555698245 179993.06766501832
5 7
315 333
12 ASSASSIN 71 19 2
9 WARRIOR 50 10 3
4 MAGE 50 10 2
10 ASSASSIN 57 13 2
6 WARRIOR 50 10 3
7 MAGE 50 10 4
2
0 KING 100 20 0 8
2 ASSASSIN 76 20 6 8
1
1 KING 100 20 5 0
29
179990.6090579825 179992.72224801825
5 7
347 367
12 ASSASSIN 71 19 2
9 WARRIOR 50 10 3
4 MAGE 50 10 2
10 ASSASSIN 57 13 2
6 WARRIOR 50 10 3
7 MAGE 50 10 4
2
0 KING 100 20 0 8
2 ASSASSIN 76 20 6 8
1
1 KING 100 20 6 0
30
179990.2476229836 179991.50255001587
6 7
378 404
12 ASSASSIN 71 19 2
9 WARRIOR 50 10 3
4 MAGE 50 10 2
10 ASSASSIN 57 13 2
6 WARRIOR 50 10 3
7 MAGE 50 10 4
2
0 KING 100 20 0 8
2 ASSASSIN 76 20 7 8
1
1 KING 100 20 6 1
31
179989.92308698507 179991.21034801647
6 7
416 445
12 ASSASSIN 71 19 2
9 WARRIOR 50 10 3
4 MAGE 50 10 2
10 ASSASSIN 57 13 2
6 WARRIOR 50 10 3
7 MAGE 50 10 4
2
0 KING 100 20 1 8
2 ASSASSIN 76 20 6 8
1
1 KING 100 20 5 2
32
179989.52433198428 179988.6590780152
6 7
458 490
12 ASSASSIN 71 19 2
9 WARRIOR 50 10 3
4 MAGE 50 10 2
10 ASSASSIN 57 13 2
6 WARRIOR 50 10 3
7 MAGE 50 10 4
2
0 KING 100 20 1 8
2 ASSASSIN 76 20 5 8
1
1 KING 100 20 6 2
33
179989.36021699046 179988.46842301282
6 8
504 535
12 ASSASSIN 71 19 2
9 WARRIOR 50 10 3
4 MAGE 50 10 2
10 ASSASSIN 57 13 2
6 WARRIOR 50 10 3
7 MAGE 50 10 4
2
0 KING 100 20 0 7
2 ASSASSIN 76 20 5 8
1
1 KING 90 20 6 3
34
179989.13778799033 179988.2632350127
6 8
555 589
12 ASSASSIN 71 19 2
9 WARRIOR 50 10 3
4 MAGE 50 10 2
10 ASSASSIN 57 13 2
6 WARRIOR 50 10 3
7 MAGE 50 10 4
2
0 KING 100 20 0 8
2 ASSASSIN 76 20 5 7
1
1 KING 90 20 7 2
35
179988.9224679864 179986.439643013
6 8
611 648
12 ASSASSIN 71 19 2
9 WARRIOR 50 10 3
4 MAGE 50 10 2
10 ASSASSIN 57 13 2
6 WARRIOR 50 10 3
7 MAGE 50 10 4
2
0 KING 100 20 0 8
2 ASSASSIN 76 20 6 8
1
1 KING 90 20 7 1
36
179988.73078298493 179986.30834701908
6 8
673 713
12 ASSASSIN 71 19 2
9 WARRIOR 50 10 3
4 MAGE 50 10 2
10 ASSASSIN 57 13 2
6 WARRIOR 50 10 3
7 MAGE 50 10 4
2
0 KING 100 20 0 8
2 ASSASSIN 76 20 6 8
1
1 KING 90 20 7 0
37
179988.5129449831 179986.1738540203
7 8
736 785
12 ASSASSIN 71 19 2
9 WARRIOR 50 10 3
4 MAGE 50 10 2
10 ASSASSIN 57 13 2
6 WARRIOR 50 10 3
7 MAGE 50 10 4
2
0 KING 100 20 0 8
2 ASSASSIN 76 20 5 8
1
1 KING 90 20 7 0
38
179988.31688598148 179985.93127601634
8 8
806 864
12 ASSASSIN 71 19 2
9 WARRIOR 50 10 3
4 MAGE 50 10 2
10 ASSASSIN 57 13 2
6 WARRIOR 50 10 3
7 MAGE 50 10 4
2
0 KING 100 20 0 8
2 ASSASSIN 76 20 5 8
1
1 KING 90 20 7 0
39
179988.14585997752 179985.72342301486
9 8
883 951
12 ASSASSIN 71 19 2
9 WARRIOR 50 10 3
4 MAGE 50 10 2
10 ASSASSIN 57 13 2
6 WARRIOR 50 10 3
7 MAGE 50 10 4
2
0 KING 100 20 0 8
2 ASSASSIN 66 20 4 7
1
1 KING 90 20 8 1
40
179987.9793409782 179985.56140401342
9 9
972 1042
12 ASSASSIN 71 19 2
9 WARRIOR 50 10 3
4 MAGE 50 10 2
10 ASSASSIN 57 13 2
6 WARRIOR 50 10 3
7 MAGE 50 10 4
2
0 KING 100 20 1 8
2 ASSASSIN 66 20 5 7
1
1 KING 90 20 7 1
41
179987.74567697546 179985.40350201802
9 9
1070 1147
12 ASSASSIN 71 19 2
9 WARRIOR 50 10 3
4 MAGE 50 10 2
10 ASSASSIN 57 13 2
6 WARRIOR 50 10 3
7 MAGE 50 10 4
2
0 KING 100 20 1 8
2 ASSASSIN 56 20 4 7
1
1 KING 90 20 8 1
42
179987.57223098073 179985.21302701556
9 9
1178 1262
12 ASSASSIN 71 19 2
9 WARRIOR 50 10 3
4 MAGE 50 10 2
10 ASSASSIN 57 13 2
6 WARRIOR 50 10 3
7 MAGE 50 10 4
2
0 KING 100 20 0 7
2 ASSASSIN 46 20 4 6
1
1 KING 90 20 8 1
43
179987.37801798416 179985.08885601768
9 9
1296 1389
12 ASSASSIN 71 19 2
9 WARRIOR 50 10 3
4 MAGE 50 10 2
10 ASSASSIN 57 13 2
6 WARRIOR 50 10 3
7 MAGE 50 10 4
2
0 KING 100 20 0 7
2 ASSASSIN 36 20 3 7
1
1 KING 90 20 8 1
44
179987.2044609874 179984.91750301764
9 9
1426 1528
12 ASSASSIN 71 19 2
9 WARRIOR 50 10 3
4 MAGE 50 10 2
10 ASSASSIN 57 13 2
6 WARRIOR 50 10 3
7 MAGE 50 10 4
2
0 KING 100 20 0 7
2 ASSASSIN 36 20 2 8
1
1 KING 90 20 8 2
45
179986.9763179886 179984.74333702325
9 9
1569 1681
12 ASSASSIN 71 19 2
9 WARRIOR 50 10 3
4 MAGE 50 10 2
10 ASSASSIN 57 13 2
6 WARRIOR 50 10 3
7 MAGE 50 10 4
2
0 KING 100 20 1 6
2 ASSASSIN 36 20 2 8
1
1 KING 90 20 8 2
46
179986.79090898804 179984.58085602033
9 9
1726 1850
12 ASSASSIN 71 19 2
9 WARRIOR 50 10 3
4 MAGE 50 10 2
10 ASSASSIN 57 13 2
6 WARRIOR 50 10 3
7 MAGE 50 10 4
2
0 KING 90 20 2 5
2 ASSASSIN 36 20 2 8
1
1 KING 80 20 8 3
47
179986.56711098738 179984.43423301796
9 9
1897 2036
13 ASSASSIN 106 34 2
9 WARRIOR 50 10 3
4 MAGE 50 10 2
10 ASSASSIN 57 13 2
6 WARRIOR 50 10 3
7 MAGE 50 10 4
3
0 KING 80 20 3 5
2 ASSASSIN 26 20 3 7
12 ASSASSIN 71 19 0 8
1
1 KING 70 20 8 3
48
179986.31977798505 179984.3238190224
9 9
2087 2240
13 ASSASSIN 106 34 2
9 WARRIOR 50 10 3
4 MAGE 50 10 2
10 ASSASSIN 57 13 2
6 WARRIOR 50 10 3
7 MAGE 50 10 4
3
0 KING 70 20 3 5
2 ASSASSIN 16 20 3 7
12 ASSASSIN 71 19 0 8
1
1 KING 60 20 8 3
49
179986.11861698737 179984.17886002426
9 9
2296 2465
13 ASSASSIN 106 34 2
9 WARRIOR 50 10 3
4 MAGE 50 10 2
10 ASSASSIN 57 13 2
6 WARRIOR 50 10 3
7 MAGE 50 10 4
3
0 KING 60 20 4 5
2 ASSASSIN 6 20 3 7
12 ASSASSIN 71 19 0 7
1
1 KING 50 20 8 3
50
179985.8781479852 179984.01166802068
9 9
2526 2709
13 ASSASSIN 106 34 2
9 WARRIOR 50 10 3
4 MAGE 50 10 2
10 ASSASSIN 57 13 2
6 WARRIOR 50 10 3
14 MAGE 106 34 2
2
0 KING 50 20 3 5
12 ASSASSIN 71 19 1 7
2
1 KING 50 20 8 2
7 MAGE 50 10 3 6
51
179985.68489198806 179983.86072101857
9 10
2779 2976
13 ASSASSIN 106 34 2
9 WARRIOR 50 10 3
4 MAGE 50 10 2
10 ASSASSIN 57 13 2
6 WARRIOR 50 10 3
14 MAGE 106 34 2
2
0 KING 40 20 3 4
12 ASSASSIN 71 19 1 7
2
1 KING 50 20 7 1
7 MAGE 30 10 3 5
52
179985.4440499912 179983.54108201602
10 11
3053 3270
13 ASSASSIN 106 34 2
9 WARRIOR 50 10 3
4 MAGE 50 10 2
10 ASSASSIN 57 13 2
6 WARRIOR 50 10 3
14 MAGE 106 34 2
2
0 KING 30 20 3 4
12 ASSASSIN 71 19 0 8
2
1 KING 50 20 8 0
7 MAGE 10 10 2 5
53
179985.2319579877 179983.32347801625
10 11
3360 3598
13 ASSASSIN 106 34 2
9 WARRIOR 50 10 3
4 MAGE 50 10 2
10 ASSASSIN 57 13 2
6 WARRIOR 50 10 3
14 MAGE 106 34 2
2
0 KING 20 20 2 3
12 ASSASSIN 71 19 0 8
1
1 KING 50 20 8 0
54
179985.0164219897 179983.15665601694
10 11
3694 3958
13 ASSASSIN 106 34 2
9 WARRIOR 50 10 3
15 MAGE 113 37 4
10 ASSASSIN 57 13 2
6 WARRIOR 50 10 3
14 MAGE 106 34 2
3
0 KING 20 20 2 2
12 ASSASSIN 71 19 0 7
4 MAGE 50 10 1 4
1
1 KING 50 20 8 0
55
179984.8101359894 179982.9831480165
10 12
4062 4350
16 ASSASSIN 113 37 2
9 WARRIOR 50 10 3
15 MAGE 113 37 4
10 ASSASSIN 57 13 2
6 WARRIOR 50 10 3
14 MAGE 106 34 2
4
0 KING 10 20 2 3
12 ASSASSIN 71 19 1 6
4 MAGE 50 10 1 4
13 ASSASSIN 106 34 5 4
1
1 KING 50 20 8 0
56
179984.57579699607 179982.7211550146
10 12
4469 4786
16 ASSASSIN 113 37 2
9 WARRIOR 50 10 3
15 MAGE 113 37 4
10 ASSASSIN 57 13 2
6 WARRIOR 50 10 3
14 MAGE 106 34 2
4
0 KING 10 20 3 2
12 ASSASSIN 71 19 0 5
4 MAGE 40 10 2 3
13 ASSASSIN 106 34 4 3
1
1 KING 50 20 8 0
57
179984.12980199646 179981.93827101932
10 12
4916 5265
16 ASSASSIN 113 37 2
9 WARRIOR 50 10 3
15 MAGE 113 37 4
10 ASSASSIN 57 13 2
6 WARRIOR 50 10 3
14 MAGE 106 34 2
4
0 KING 10 20 3 2
12 ASSASSIN 66 19 1 4
4 MAGE 40 10 2 2
13 ASSASSIN 86 34 4 3
1
1 KING 50 20 7 0
58
179983.90023799584 179981.70973301603
10 13
5404 5788
16 ASSASSIN 113 37 2
9 WARRIOR 50 10 3
17 MAGE 113 37 4
10 ASSASSIN 57 13 2
6 WARRIOR 50 10 3
14 MAGE 106 34 2
5
0 KING 10 20 2 1
12 ASSASSIN 61 19 1 3
4 MAGE 30 10 3 3
13 ASSASSIN 66 34 5 4
15 MAGE 113 37 6 0
1
1 KING 50 20 7 1
59
179983.62400900078 179981.50750201603
10 13
5945 6367
16 ASSASSIN 113 37 2
9 WARRIOR 50 10 3
17 MAGE 113 37 4
10 ASSASSIN 57 13 2
6 WARRIOR 50 10 3
14 MAGE 106 34 2
5
0 KING 10 20 3 2
12 ASSASSIN 61 19 1 2
4 MAGE 20 10 3 4
13 ASSASSIN 66 34 4 3
15 MAGE 93 37 7 1
1
1 KING 13 20 8 0
60
179983.3189340061 179981.30522001884
10 13
5941 6367
16 ASSASSIN 113 37 2
9 WARRIOR 50 10 3
18 MAGE 113 37 4
10 ASSASSIN 57 13 2
6 WARRIOR 50 10 3
14 MAGE 106 34 2
6
0 KING 10 20 3 1
12 ASSASSIN 56 19 1 3
4 MAGE 10 10 2 3
13 ASSASSIN 61 34 3 3
15 MAGE 73 37 8 1
17 MAGE 113 37 0 2
0
