Sample_AI Sample_AI2
true true
0
180000 180000
1 1
10 10
2 ASSASSIN 50 10 2
3 WARRIOR 50 10 4
4 MAGE 50 10 3
5 ASSASSIN 50 10 2
6 WARRIOR 50 10 3
7 MAGE 50 10 3
1
0 KING 100 20 4 8
1
1 KING 100 20 4 0
1
179999.82882800396 179999.8425800004
2 1
12 16
2 ASSASSIN 50 10 2
3 WARRIOR 50 10 4
4 MAGE 50 10 3
5 ASSASSIN 50 10 2
6 WARRIOR 50 10 3
7 MAGE 50 10 3
1
0 KING 100 20 4 8
1
1 KING 100 20 4 0
2
179999.70044200745 179999.69746400166
2 1
18 22
2 ASSASSIN 50 10 2
3 WARRIOR 50 10 4
4 MAGE 50 10 3
5 ASSASSIN 50 10 2
6 WARRIOR 50 10 3
7 MAGE 50 10 3
1
0 KING 100 20 4 8
1
1 KING 100 20 5 0
3
179999.5491090085 179999.44302900258
2 2
20 24
2 ASSASSIN 50 10 2
8 WARRIOR 57 13 4
4 MAGE 50 10 3
5 ASSASSIN 50 10 2
6 WARRIOR 50 10 3
7 MAGE 50 10 3
2
0 KING 100 20 4 8
3 WARRIOR 50 10 4 5
1
1 KING 100 20 4 0
4
179999.36762401194 179998.5873100086
2 2
26 30
2 ASSASSIN 50 10 2
8 WARRIOR 57 13 4
4 MAGE 50 10 3
5 ASSASSIN 50 10 2
6 WARRIOR 50 10 3
7 MAGE 50 10 3
2
0 KING 100 20 4 7
3 WARRIOR 50 10 3 5
1
1 KING 100 20 5 0
5
179999.2145060096 179998.4089270074
2 2
32 36
2 ASSASSIN 50 10 2
8 WARRIOR 57 13 4
4 MAGE 50 10 3
5 ASSASSIN 50 10 2
6 WARRIOR 50 10 3
7 MAGE 50 10 3
2
0 KING 100 20 3 8
3 WARRIOR 50 10 2 5
1
1 KING 100 20 5 0
6
179999.05054301053 179998.22021900764
2 2
38 42
2 ASSASSIN 50 10 2
8 WARRIOR 57 13 4
4 MAGE 50 10 3
5 ASSASSIN 50 10 2
6 WARRIOR 50 10 3
7 MAGE 50 10 3
2
0 KING 100 20 3 8
3 WARRIOR 50 10 1 4
1
1 KING 100 20 6 0
7
179998.8927860104 179998.02109500888
2 2
44 48
2 ASSASSIN 50 10 2
8 WARRIOR 57 13 4
4 MAGE 50 10 3
5 ASSASSIN 50 10 2
6 WARRIOR 50 10 3
7 MAGE 50 10 3
2
0 KING 100 20 4 8
3 WARRIOR 50 10 1 3
1
1 KING 100 20 5 1
8
179998.74345501303 179997.81978301326
2 3
50 50
2 ASSASSIN 50 10 2
8 WARRIOR 57 13 4
4 MAGE 50 10 3
5 ASSASSIN 50 10 2
6 WARRIOR 50 10 3
7 MAGE 50 10 3
2
0 KING 100 20 3 8
3 WARRIOR 50 10 2 4
1
1 KING 100 20 4 0
9
179998.51115901401 179997.66983801965
2 3
56 56
2 ASSASSIN 50 10 2
8 WARRIOR 57 13 4
4 MAGE 50 10 3
5 ASSASSIN 50 10 2
6 WARRIOR 50 10 3
7 MAGE 50 10 3
2
0 KING 100 20 4 7
3 WARRIOR 50 10 1 5
1
1 KING 100 20 4 1
10
179998.36537701776 179997.51705502422
2 3
62 62
2 ASSASSIN 50 10 2
8 WARRIOR 57 13 4
4 MAGE 50 10 3
5 ASSASSIN 50 10 2
6 WARRIOR 50 10 3
7 MAGE 50 10 3
2
0 KING 100 20 3 8
3 WARRIOR 50 10 0 4
1
1 KING 100 20 4 0
11
179998.215722022 179997.30596302106
3 3
64 69
2 ASSASSIN 50 10 2
8 WARRIOR 57 13 4
4 MAGE 50 10 3
5 ASSASSIN 50 10 2
6 WARRIOR 50 10 3
7 MAGE 50 10 3
2
0 KING 100 20 3 8
3 WARRIOR 50 10 1 5
1
1 KING 100 20 4 1
12
179998.0927210272 179997.19888201798
4 3
67 76
2 ASSASSIN 50 10 2
8 WARRIOR 57 13 4
4 MAGE 50 10 3
5 ASSASSIN 50 10 2
6 WARRIOR 50 10 3
7 MAGE 50 10 3
2
0 KING 100 20 2 8
3 WARRIOR 50 10 2 5
1
1 KING 100 20 3 0
13
179997.96810303087 179997.03931801923
5 4
70 80
2 ASSASSIN 50 10 2
8 WARRIOR 57 13 4
4 MAGE 50 10 3
5 ASSASSIN 50 10 2
6 WARRIOR 50 10 3
7 MAGE 50 10 3
2
0 KING 100 20 2 8
3 WARRIOR 50 10 2 4
1
1 KING 100 20 4 0
14
179997.83506803215 179996.79647401354
5 5
78 84
2 ASSASSIN 50 10 2
8 WARRIOR 57 13 4
4 MAGE 50 10 3
5 ASSASSIN 50 10 2
6 WARRIOR 50 10 3
7 MAGE 50 10 3
2
0 KING 100 20 2 8
3 WARRIOR 50 10 3 4
1
1 KING 100 20 3 0
15
179997.7003190288 179996.67145901185
5 5
86 93
2 ASSASSIN 50 10 2
8 WARRIOR 57 13 4
4 MAGE 50 10 3
5 ASSASSIN 50 10 2
6 WARRIOR 50 10 3
7 MAGE 50 10 3
2
0 KING 100 20 2 8
3 WARRIOR 30 10 4 3
1
1 KING 100 20 2 1
16
179997.52798402915 179996.5003590114
5 5
95 103
2 ASSASSIN 50 10 2
8 WARRIOR 57 13 4
4 MAGE 50 10 3
5 ASSASSIN 50 10 2
6 WARRIOR 50 10 3
7 MAGE 50 10 3
2
0 KING 100 20 2 8
3 WARRIOR 30 10 5 2
1
1 KING 100 20 1 0
17
179997.41047302814 179996.2613900134
5 5
105 114
2 ASSASSIN 50 10 2
8 WARRIOR 57 13 4
4 MAGE 50 10 3
5 ASSASSIN 50 10 2
6 WARRIOR 50 10 3
7 MAGE 50 10 3
2
0 KING 100 20 2 8
3 WARRIOR 30 10 5 3
1
1 KING 100 20 1 0
18
179997.28876402514 179996.13383600808
5 5
116 126
2 ASSASSIN 50 10 2
8 WARRIOR 57 13 4
4 MAGE 50 10 3
5 ASSASSIN 50 10 2
6 WARRIOR 50 10 3
7 MAGE 50 10 3
2
0 KING 100 20 1 8
3 WARRIOR 30 10 6 2
1
1 KING 100 20 0 1
19
179997.08239502797 179995.89110301167
5 5
128 139
2 ASSASSIN 50 10 2
8 WARRIOR 57 13 4
4 MAGE 50 10 3
5 ASSASSIN 50 10 2
6 WARRIOR 50 10 3
7 MAGE 50 10 3
2
0 KING 100 20 1 8
3 WARRIOR 30 10 7 3
1
1 KING 100 20 1 1
20
179996.96776202472 179995.74635401223
5 6
141 149
2 ASSASSIN 50 10 2
8 WARRIOR 57 13 4
4 MAGE 50 10 3
5 ASSASSIN 50 10 2
6 WARRIOR 50 10 3
7 MAGE 50 10 3
2
0 KING 100 20 0 8
3 WARRIOR 30 10 7 2
1
1 KING 100 20 1 2
21
179996.5938060268 179995.55441101256
6 6
151 164
2 ASSASSIN 50 10 2
8 WARRIOR 57 13 4
4 MAGE 50 10 3
5 ASSASSIN 50 10 2
6 WARRIOR 50 10 3
7 MAGE 50 10 3
2
0 KING 100 20 1 8
3 WARRIOR 30 10 7 3
1
1 KING 100 20 2 1
22
179996.43443102832 179995.40337800863
6 6
167 181
2 ASSASSIN 50 10 2
8 WARRIOR 57 13 4
4 MAGE 50 10 3
5 ASSASSIN 50 10 2
6 WARRIOR 50 10 3
7 MAGE 50 10 3
2
0 KING 100 20 0 7
3 WARRIOR 30 10 8 3
1
1 KING 100 20 3 1
23
179996.31044302805 179995.18097900727
6 6
184 200
2 ASSASSIN 50 10 2
8 WARRIOR 57 13 4
4 MAGE 50 10 3
5 ASSASSIN 50 10 2
6 WARRIOR 50 10 3
7 MAGE 50 10 3
2
0 KING 100 20 1 7
3 WARRIOR 10 10 7 2
1
1 KING 100 20 4 2
24
179996.16806702397 179995.03258800542
6 6
203 222
2 ASSASSIN 50 10 2
8 WARRIOR 57 13 4
4 MAGE 50 10 3
5 ASSASSIN 50 10 2
6 WARRIOR 50 10 3
7 MAGE 50 10 3
1
0 KING 100 20 0 7
1
1 KING 100 20 5 1
25
179995.95784202393 179994.920009005
6 6
224 245
2 ASSASSIN 50 10 2
8 WARRIOR 57 13 4
4 MAGE 50 10 3
5 ASSASSIN 50 10 2
6 WARRIOR 50 10 3
7 MAGE 50 10 3
1
0 KING 100 20 1 6
1
1 KING 100 20 5 0
26
179995.8236820239 179994.80811000103
6 6
247 270
2 ASSASSIN 50 10 2
8 WARRIOR 57 13 4
4 MAGE 50 10 3
5 ASSASSIN 50 10 2
6 WARRIOR 50 10 3
7 MAGE 50 10 3
1
0 KING 100 20 1 5
1
1 KING 100 20 5 0
27
179995.7005470278 179994.71008300316
6 6
272 298
2 ASSASSIN 50 10 2
8 WARRIOR 57 13 4
4 MAGE 50 10 3
5 ASSASSIN 50 10 2
6 WARRIOR 50 10 3
7 MAGE 50 10 3
1
0 KING 100 20 2 6
1
1 KING 100 20 4 0
28
179995.56514202413 179994.52691100305
6 6
300 328
2 ASSASSIN 50 10 2
8 WARRIOR 57 13 4
4 MAGE 50 10 3
5 ASSASSIN 50 10 2
6 WARRIOR 50 10 3
7 MAGE 50 10 3
1
0 KING 100 20 1 7
1
1 KING 100 20 5 1
29
179995.45587302418 179994.37575600314
6 6
331 361
2 ASSASSIN 50 10 2
8 WARRIOR 57 13 4
4 MAGE 50 10 3
5 ASSASSIN 50 10 2
6 WARRIOR 50 10 3
7 MAGE 50 10 3
1
0 KING 100 20 2 8
1
1 KING 100 20 4 2
30
179995.32454102155 179994.23207600194
6 6
365 398
2 ASSASSIN 50 10 2
8 WARRIOR 57 13 4
4 MAGE 50 10 3
5 ASSASSIN 50 10 2
6 WARRIOR 50 10 3
7 MAGE 50 10 3
1
0 KING 100 20 1 7
1
1 KING 100 20 4 3
31
179995.1847640259 179994.12261500402
6 6
402 435
2 ASSASSIN 50 10 2
8 WARRIOR 57 13 4
4 MAGE 50 10 3
5 ASSASSIN 50 10 2
6 WARRIOR 50 10 3
9 MAGE 85 25 2
1
0 KING 100 20 0 7
2
1 KING 100 20 5 3
7 MAGE 50 10 3 4
32
179995.03759002982 179994.0088220028
6 6
438 479
2 ASSASSIN 50 10 2
10 WARRIOR 85 25 4
4 MAGE 50 10 3
5 ASSASSIN 50 10 2
6 WARRIOR 50 10 3
9 MAGE 85 25 2
2
0 KING 100 20 0 6
8 WARRIOR 57 13 3 6
2
1 KING 100 20 4 4
7 MAGE 30 10 3 5
33
179994.89958803315 179993.8608770026
6 6
482 527
2 ASSASSIN 50 10 2
10 WARRIOR 85 25 4
4 MAGE 50 10 3
5 ASSASSIN 50 10 2
6 WARRIOR 50 10 3
9 MAGE 85 25 2
2
0 KING 80 20 1 5
8 WARRIOR 37 13 2 6
2
1 KING 80 20 4 3
7 MAGE 10 10 4 4
34
179994.73352903442 179993.69606200344
6 6
532 580
2 ASSASSIN 50 10 2
10 WARRIOR 85 25 4
4 MAGE 50 10 3
5 ASSASSIN 50 10 2
6 WARRIOR 50 10 3
9 MAGE 85 25 2
2
0 KING 60 20 2 5
8 WARRIOR 17 13 3 5
1
1 KING 47 20 3 4
35
179994.58826003683 179993.54957300238
6 6
586 640
2 ASSASSIN 50 10 2
10 WARRIOR 85 25 4
4 MAGE 50 10 3
5 ASSASSIN 50 10 2
6 WARRIOR 50 10 3
9 MAGE 85 25 2
1
0 KING 40 20 2 5
1
1 KING 27 20 2 4
36
179994.14975603577 179993.4079510058
6 6
645 705
2 ASSASSIN 50 10 2
10 WARRIOR 85 25 4
4 MAGE 50 10 3
5 ASSASSIN 50 10 2
6 WARRIOR 50 10 3
9 MAGE 85 25 2
1
0 KING 20 20 2 5
1
1 KING 7 20 1 3
37
179994.02525403275 179993.27916100447
6 6
645 705
2 ASSASSIN 50 10 2
10 WARRIOR 85 25 4
4 MAGE 50 10 3
5 ASSASSIN 50 10 2
6 WARRIOR 50 10 3
9 MAGE 85 25 2
0
0
